This file contains any messages produced by compilers while
running configure, to aid debugging if configure makes a mistake.

It was created by [llvm-deps] configure [0.00], which was
generated by GNU Autoconf 2.68.  Invocation command line was

  $ ./configure 

## --------- ##
## Platform. ##
## --------- ##

hostname = dhcp120.cs.columbia.edu
uname -m = x86_64
uname -r = 12.4.0
uname -s = Darwin
uname -v = Darwin Kernel Version 12.4.0: Wed May  1 17:57:12 PDT 2013; root:xnu-2050.24.15~1/RELEASE_X86_64

/usr/bin/uname -p = i386
/bin/uname -X     = unknown

/bin/arch              = unknown
/usr/bin/arch -k       = unknown
/usr/convex/getsysinfo = unknown
/usr/bin/hostinfo      = Mach kernel version:
	 Darwin Kernel Version 12.4.0: Wed May  1 17:57:12 PDT 2013; root:xnu-2050.24.15~1/RELEASE_X86_64
Kernel configured for up to 8 processors.
4 processors are physically available.
8 processors are logically available.
Processor type: i486 (Intel 80486)
Processors active: 0 1 2 3 4 5 6 7
Primary memory available: 16.00 gigabytes
Default processor set: 147 tasks, 742 threads, 8 processors
Load average: 1.04, Mach factor: 6.95
/bin/machine           = unknown
/usr/bin/oslevel       = unknown
/bin/universe          = unknown

PATH: /Users/jikk/llvm-build/Debug+Asserts/bin/
PATH: /opt/local/bin
PATH: /opt/local/sbin
PATH: /opt/local/bin
PATH: /opt/local/sbin
PATH: /opt/local/bin
PATH: /opt/local/sbin
PATH: /opt/local/bin
PATH: /opt/local/sbin
PATH: /Users/jikk/bin
PATH: /Library/Application Support/VMware Fusion/
PATH: /usr/local/mysql/bin
PATH: /sw/bin
PATH: /usr/bin
PATH: /bin
PATH: /usr/sbin
PATH: /sbin
PATH: /usr/local/bin
PATH: /opt/X11/bin
PATH: /Users/jikk/llvm/Release+Asserts/bin/
PATH: /opt/sw/bin


## ----------- ##
## Core tests. ##
## ----------- ##

configure:1967: creating ./config.status

## ---------------------- ##
## Running config.status. ##
## ---------------------- ##

This file was extended by [llvm-deps] config.status [0.00], which was
generated by GNU Autoconf 2.68.  Invocation command line was

  CONFIG_FILES    = 
  CONFIG_HEADERS  = 
  CONFIG_LINKS    = 
  CONFIG_COMMANDS = 
  $ ./config.status 

on dhcp120.cs.columbia.edu

config.status:745: creating Makefile.common
config.status:906: executing setup commands
config.status:906: executing Makefile commands
config.status:906: executing lib/Makefile commands
config.status:906: executing runtime/Makefile commands
config.status:906: executing test/Makefile commands

## ---------------- ##
## Cache variables. ##
## ---------------- ##

ac_cv_env_build_alias_set=
ac_cv_env_build_alias_value=
ac_cv_env_host_alias_set=
ac_cv_env_host_alias_value=
ac_cv_env_target_alias_set=
ac_cv_env_target_alias_value=

## ----------------- ##
## Output variables. ##
## ----------------- ##

DEFS='-DPACKAGE_NAME=\"\[llvm-deps\]\" -DPACKAGE_TARNAME=\"--llvm-deps--\" -DPACKAGE_VERSION=\"\[0.00\]\" -DPACKAGE_STRING=\"\[llvm-deps\]\ \[0.00\]\" -DPACKAGE_BUGREPORT=\"sdmoore@fas.harvard.edu\" -DPACKAGE_URL=\"\"'
ECHO_C='\c'
ECHO_N=''
ECHO_T=''
LIBOBJS=''
LIBS=''
LLVM_OBJ='/Users/jikk/llvm32-build'
LLVM_SRC='/Users/jikk/int-llvm32'
LTLIBOBJS=''
PACKAGE_BUGREPORT='sdmoore@fas.harvard.edu'
PACKAGE_NAME='[llvm-deps]'
PACKAGE_STRING='[llvm-deps] [0.00]'
PACKAGE_TARNAME='--llvm-deps--'
PACKAGE_URL=''
PACKAGE_VERSION='[0.00]'
PATH_SEPARATOR=':'
SHELL='/bin/sh'
bindir='${exec_prefix}/bin'
build_alias=''
datadir='${datarootdir}'
datarootdir='${prefix}/share'
docdir='${datarootdir}/doc/${PACKAGE_TARNAME}'
dvidir='${docdir}'
exec_prefix='${prefix}'
host_alias=''
htmldir='${docdir}'
includedir='${prefix}/include'
infodir='${datarootdir}/info'
libdir='${exec_prefix}/lib'
libexecdir='${exec_prefix}/libexec'
localedir='${datarootdir}/locale'
localstatedir='${prefix}/var'
mandir='${datarootdir}/man'
oldincludedir='/usr/include'
pdfdir='${docdir}'
poolallocobjdir='/Users/jikk/llvm32-build/projects/poolalloc'
poolallocsrcdir='/Users/jikk/int-llvm32/projects/poolalloc'
prefix='/usr/local'
program_transform_name='s,x,x,'
psdir='${docdir}'
sbindir='${exec_prefix}/sbin'
sharedstatedir='${prefix}/com'
sysconfdir='${prefix}/etc'
target_alias=''
testobjdir='/Users/jikk/llvm32-build/projects/test-suite'
testsrcdir='/Users/jikk/int-llvm32/projects/test-suite'

## ----------- ##
## confdefs.h. ##
## ----------- ##

/* confdefs.h */
#define PACKAGE_NAME "[llvm-deps]"
#define PACKAGE_TARNAME "--llvm-deps--"
#define PACKAGE_VERSION "[0.00]"
#define PACKAGE_STRING "[llvm-deps] [0.00]"
#define PACKAGE_BUGREPORT "sdmoore@fas.harvard.edu"
#define PACKAGE_URL ""

configure: exit 0
